<?xml version="1.0" encoding="UTF-8"?>
<testng-results skipped="0" failed="0" total="1" passed="1">
  <reporter-output>
  </reporter-output>
  <suite name="Suite" duration-ms="48" started-at="2019-11-11T09:19:17Z" finished-at="2019-11-11T09:19:17Z">
    <groups>
    </groups>
    <test name="Test" duration-ms="48" started-at="2019-11-11T09:19:17Z" finished-at="2019-11-11T09:19:17Z">
      <class name="DateAndTime.CurrentDate.DemoTest">
        <test-method status="PASS" signature="test()[pri:0, instance:DateAndTime.CurrentDate.DemoTest@3d8c7aca]" name="test" duration-ms="24" started-at="2019-11-11T14:49:17Z" finished-at="2019-11-11T14:49:17Z">
          <reporter-output>
          </reporter-output>
        </test-method> <!-- test -->
      </class> <!-- DateAndTime.CurrentDate.DemoTest -->
    </test> <!-- Test -->
  </suite> <!-- Suite -->
</testng-results>
